[roslaunch][INFO] 2021-02-02 07:51:18,446: Checking log directory for disk usage. This may take awhile.
Press Ctrl-C to interrupt
[roslaunch][INFO] 2021-02-02 07:51:18,449: Done checking log file disk usage. Usage is <1GB.
[roslaunch][INFO] 2021-02-02 07:51:18,449: roslaunch starting with args ['/opt/ros/kinetic/bin/roslaunch', 'module_robot_arm', 'robot_arm.launch']
[roslaunch][INFO] 2021-02-02 07:51:18,449: roslaunch env is {'ROS_DISTRO': 'kinetic', 'ROSLISP_PACKAGE_DIRECTORIES': '/home/ros/catkin_ws/devel/share/common-lisp', 'ROS_PACKAGE_PATH': '/home/ros/catkin_ws/src:/opt/ros/kinetic/share', 'PATH': '/opt/ros/kinetic/bin:/usr/local/sbin:/usr/local/bin:/usr/sbin:/usr/bin:/sbin:/bin', 'CMAKE_PREFIX_PATH': '/home/ros/catkin_ws/devel:/opt/ros/kinetic', 'DISPLAY': ':0', 'LANG': 'C.UTF-8', 'TERM': 'xterm', 'ROS_LOG_FILENAME': '/home/ros/.ros/log/6eeef246-652b-11eb-b1d4-0242ac110003/roslaunch-a8c73a574f9b-1135.log', 'SHLVL': '1', 'LD_LIBRARY_PATH': '/home/ros/catkin_ws/devel/lib:/opt/ros/kinetic/lib:/opt/ros/kinetic/lib/x86_64-linux-gnu', 'UNAME': 'ros', 'ROS_ETC_DIR': '/opt/ros/kinetic/etc/ros', 'HOME': '/home/ros', 'ROS_PYTHON_VERSION': '2', 'PYTHONPATH': '/home/ros/catkin_ws/devel/lib/python2.7/dist-packages:/opt/ros/kinetic/lib/python2.7/dist-packages', 'QT_X11_NO_MITSHM': '1', 'ROS_ROOT': '/opt/ros/kinetic/share/ros', 'PKG_CONFIG_PATH': '/home/ros/catkin_ws/devel/lib/pkgconfig:/opt/ros/kinetic/lib/pkgconfig:/opt/ros/kinetic/lib/x86_64-linux-gnu/pkgconfig', 'LC_ALL': 'C.UTF-8', '_': '/opt/ros/kinetic/bin/roslaunch', 'OLDPWD': '/home/ros', 'HOSTNAME': 'a8c73a574f9b', 'PWD': '/home/ros/catkin_ws', 'ROS_MASTER_URI': 'http://localhost:11311', 'ROS_VERSION': '1'}
[roslaunch][INFO] 2021-02-02 07:51:18,450: starting in server mode
[roslaunch.parent][INFO] 2021-02-02 07:51:18,450: starting roslaunch parent run
[roslaunch][INFO] 2021-02-02 07:51:18,450: loading roscore config file /opt/ros/kinetic/etc/ros/roscore.xml
[roslaunch][INFO] 2021-02-02 07:51:18,842: Added core node of type [rosout/rosout] in namespace [/]
[roslaunch.config][INFO] 2021-02-02 07:51:18,842: loading config file /home/ros/catkin_ws/src/module_robot_arm/launch/robot_arm.launch
[roslaunch][INFO] 2021-02-02 07:51:18,843: Added node of type [module_robot_arm/robot_arm_action_server] in namespace [/]
[roslaunch][INFO] 2021-02-02 07:51:18,843: ... selected machine [] for node of type [module_robot_arm/robot_arm_action_server]
[roslaunch.pmon][INFO] 2021-02-02 07:51:18,844: start_process_monitor: creating ProcessMonitor
[roslaunch.pmon][INFO] 2021-02-02 07:51:18,844: created process monitor <ProcessMonitor(ProcessMonitor-1, initial daemon)>
[roslaunch.pmon][INFO] 2021-02-02 07:51:18,844: start_process_monitor: ProcessMonitor started
[roslaunch.parent][INFO] 2021-02-02 07:51:18,844: starting parent XML-RPC server
[roslaunch.server][INFO] 2021-02-02 07:51:18,844: starting roslaunch XML-RPC server
[roslaunch.server][INFO] 2021-02-02 07:51:18,845: waiting for roslaunch XML-RPC server to initialize
[xmlrpc][INFO] 2021-02-02 07:51:18,845: XML-RPC server binding to 0.0.0.0:0
[xmlrpc][INFO] 2021-02-02 07:51:18,845: Started XML-RPC server [http://a8c73a574f9b:37511/]
[xmlrpc][INFO] 2021-02-02 07:51:18,845: xml rpc node: starting XML-RPC server
[roslaunch][INFO] 2021-02-02 07:51:18,856: started roslaunch server http://a8c73a574f9b:37511/
[roslaunch.parent][INFO] 2021-02-02 07:51:18,856: ... parent XML-RPC server started
[roslaunch][INFO] 2021-02-02 07:51:18,857: master.is_running[http://localhost:11311]
[roslaunch][INFO] 2021-02-02 07:51:18,857: auto-starting new master
[roslaunch][INFO] 2021-02-02 07:51:18,857: create_master_process: rosmaster, /opt/ros/kinetic/share/ros, 11311, 3, None
[roslaunch][INFO] 2021-02-02 07:51:18,857: process[master]: launching with args [['rosmaster', '--core', '-p', '11311', '-w', '3']]
[roslaunch.pmon][INFO] 2021-02-02 07:51:18,857: ProcessMonitor.register[master]
[roslaunch.pmon][INFO] 2021-02-02 07:51:18,858: ProcessMonitor.register[master] complete
[roslaunch][INFO] 2021-02-02 07:51:18,858: process[master]: starting os process
[roslaunch][INFO] 2021-02-02 07:51:18,858: process[master]: start w/ args [['rosmaster', '--core', '-p', '11311', '-w', '3', '__log:=/home/ros/.ros/log/6eeef246-652b-11eb-b1d4-0242ac110003/master.log']]
[roslaunch][INFO] 2021-02-02 07:51:18,858: process[master]: cwd will be [/home/ros/.ros]
[roslaunch][INFO] 2021-02-02 07:51:19,324: process[master]: started with pid [1145]
[roslaunch][INFO] 2021-02-02 07:51:19,324: master.is_running[http://localhost:11311]
[roslaunch][INFO] 2021-02-02 07:51:19,425: master.is_running[http://localhost:11311]
[roslaunch][INFO] 2021-02-02 07:51:19,527: master.is_running[http://localhost:11311]
[roslaunch][INFO] 2021-02-02 07:51:19,534: master.is_running[http://localhost:11311]
[roslaunch][INFO] 2021-02-02 07:51:19,537: ROS_MASTER_URI=http://localhost:11311
[roslaunch][INFO] 2021-02-02 07:51:19,540: setting /run_id to 6eeef246-652b-11eb-b1d4-0242ac110003
[roslaunch][INFO] 2021-02-02 07:51:19,543: setting /roslaunch/uris/host_a8c73a574f9b__37511' to http://a8c73a574f9b:37511/
[roslaunch][INFO] 2021-02-02 07:51:19,549: ... preparing to launch node of type [rosout/rosout]
[roslaunch][INFO] 2021-02-02 07:51:19,550: create_node_process: package[rosout] type[rosout] machine[Machine(name[] env_loader[None] address[localhost] ssh_port[22] user[None] assignable[True] timeout[10.0])] master_uri[http://localhost:11311]
[roslaunch][INFO] 2021-02-02 07:51:19,550: process[rosout-1]: env[{'ROS_DISTRO': 'kinetic', 'ROSLISP_PACKAGE_DIRECTORIES': '/home/ros/catkin_ws/devel/share/common-lisp', 'ROS_PACKAGE_PATH': '/home/ros/catkin_ws/src:/opt/ros/kinetic/share', 'PATH': '/opt/ros/kinetic/bin:/usr/local/sbin:/usr/local/bin:/usr/sbin:/usr/bin:/sbin:/bin', 'CMAKE_PREFIX_PATH': '/home/ros/catkin_ws/devel:/opt/ros/kinetic', 'ROS_LOG_FILENAME': '/home/ros/.ros/log/6eeef246-652b-11eb-b1d4-0242ac110003/roslaunch-a8c73a574f9b-1135.log', 'LANG': 'C.UTF-8', 'TERM': 'xterm', 'SHLVL': '1', 'LD_LIBRARY_PATH': '/home/ros/catkin_ws/devel/lib:/opt/ros/kinetic/lib:/opt/ros/kinetic/lib/x86_64-linux-gnu', 'UNAME': 'ros', 'ROS_MASTER_URI': 'http://localhost:11311', 'HOME': '/home/ros', 'ROS_PYTHON_VERSION': '2', 'PYTHONPATH': '/home/ros/catkin_ws/devel/lib/python2.7/dist-packages:/opt/ros/kinetic/lib/python2.7/dist-packages', 'QT_X11_NO_MITSHM': '1', 'ROS_ROOT': '/opt/ros/kinetic/share/ros', 'PKG_CONFIG_PATH': '/home/ros/catkin_ws/devel/lib/pkgconfig:/opt/ros/kinetic/lib/pkgconfig:/opt/ros/kinetic/lib/x86_64-linux-gnu/pkgconfig', 'LC_ALL': 'C.UTF-8', '_': '/opt/ros/kinetic/bin/roslaunch', 'DISPLAY': ':0', 'OLDPWD': '/home/ros', 'HOSTNAME': 'a8c73a574f9b', 'PWD': '/home/ros/catkin_ws', 'ROS_ETC_DIR': '/opt/ros/kinetic/etc/ros', 'ROS_VERSION': '1'}]
[roslaunch][INFO] 2021-02-02 07:51:19,583: process[rosout-1]: args[[u'/opt/ros/kinetic/lib/rosout/rosout', u'__name:=rosout']]
[roslaunch][INFO] 2021-02-02 07:51:19,584: ... created process [rosout-1]
[roslaunch.pmon][INFO] 2021-02-02 07:51:19,584: ProcessMonitor.register[rosout-1]
[roslaunch.pmon][INFO] 2021-02-02 07:51:19,584: ProcessMonitor.register[rosout-1] complete
[roslaunch][INFO] 2021-02-02 07:51:19,584: ... registered process [rosout-1]
[roslaunch][INFO] 2021-02-02 07:51:19,584: process[rosout-1]: starting os process
[roslaunch][INFO] 2021-02-02 07:51:19,584: process[rosout-1]: start w/ args [[u'/opt/ros/kinetic/lib/rosout/rosout', u'__name:=rosout', u'__log:=/home/ros/.ros/log/6eeef246-652b-11eb-b1d4-0242ac110003/rosout-1.log']]
[roslaunch][INFO] 2021-02-02 07:51:19,584: process[rosout-1]: cwd will be [/home/ros/.ros]
[roslaunch][INFO] 2021-02-02 07:51:20,051: process[rosout-1]: started with pid [1158]
[roslaunch][INFO] 2021-02-02 07:51:20,052: ... successfully launched [rosout-1]
[roslaunch][INFO] 2021-02-02 07:51:20,052: load_parameters starting ...
[roslaunch][INFO] 2021-02-02 07:51:20,055: ... load_parameters complete
[roslaunch][INFO] 2021-02-02 07:51:20,055: launch_nodes: launching local nodes ...
[roslaunch][INFO] 2021-02-02 07:51:20,055: ... preparing to launch node of type [module_robot_arm/robot_arm_action_server]
[roslaunch][INFO] 2021-02-02 07:51:20,055: create_node_process: package[module_robot_arm] type[robot_arm_action_server] machine[Machine(name[] env_loader[None] address[localhost] ssh_port[22] user[None] assignable[True] timeout[10.0])] master_uri[http://localhost:11311]
[roslaunch][INFO] 2021-02-02 07:51:20,055: process[as-2]: env[{'ROS_DISTRO': 'kinetic', 'ROSLISP_PACKAGE_DIRECTORIES': '/home/ros/catkin_ws/devel/share/common-lisp', 'ROS_PACKAGE_PATH': '/home/ros/catkin_ws/src:/opt/ros/kinetic/share', 'PATH': '/opt/ros/kinetic/bin:/usr/local/sbin:/usr/local/bin:/usr/sbin:/usr/bin:/sbin:/bin', 'CMAKE_PREFIX_PATH': '/home/ros/catkin_ws/devel:/opt/ros/kinetic', 'ROS_LOG_FILENAME': '/home/ros/.ros/log/6eeef246-652b-11eb-b1d4-0242ac110003/roslaunch-a8c73a574f9b-1135.log', 'LANG': 'C.UTF-8', 'TERM': 'xterm', 'SHLVL': '1', 'LD_LIBRARY_PATH': '/home/ros/catkin_ws/devel/lib:/opt/ros/kinetic/lib:/opt/ros/kinetic/lib/x86_64-linux-gnu', 'UNAME': 'ros', 'ROS_MASTER_URI': 'http://localhost:11311', 'HOME': '/home/ros', 'ROS_PYTHON_VERSION': '2', 'PYTHONPATH': '/home/ros/catkin_ws/devel/lib/python2.7/dist-packages:/opt/ros/kinetic/lib/python2.7/dist-packages', 'QT_X11_NO_MITSHM': '1', 'ROS_ROOT': '/opt/ros/kinetic/share/ros', 'PKG_CONFIG_PATH': '/home/ros/catkin_ws/devel/lib/pkgconfig:/opt/ros/kinetic/lib/pkgconfig:/opt/ros/kinetic/lib/x86_64-linux-gnu/pkgconfig', 'LC_ALL': 'C.UTF-8', '_': '/opt/ros/kinetic/bin/roslaunch', 'DISPLAY': ':0', 'OLDPWD': '/home/ros', 'HOSTNAME': 'a8c73a574f9b', 'PWD': '/home/ros/catkin_ws', 'ROS_ETC_DIR': '/opt/ros/kinetic/etc/ros', 'ROS_VERSION': '1'}]
[roslaunch][INFO] 2021-02-02 07:51:20,056: process[as-2]: args[[u'/home/ros/catkin_ws/src/module_robot_arm/src/module_robot_arm/robot_arm_action_server', u'__name:=as']]
[roslaunch][INFO] 2021-02-02 07:51:20,056: ... created process [as-2]
[roslaunch.pmon][INFO] 2021-02-02 07:51:20,056: ProcessMonitor.register[as-2]
[roslaunch.pmon][INFO] 2021-02-02 07:51:20,056: ProcessMonitor.register[as-2] complete
[roslaunch][INFO] 2021-02-02 07:51:20,056: ... registered process [as-2]
[roslaunch][INFO] 2021-02-02 07:51:20,056: process[as-2]: starting os process
[roslaunch][INFO] 2021-02-02 07:51:20,057: process[as-2]: start w/ args [[u'/home/ros/catkin_ws/src/module_robot_arm/src/module_robot_arm/robot_arm_action_server', u'__name:=as', u'__log:=/home/ros/.ros/log/6eeef246-652b-11eb-b1d4-0242ac110003/as-2.log']]
[roslaunch][INFO] 2021-02-02 07:51:20,057: process[as-2]: cwd will be [/home/ros/.ros]
[roslaunch][INFO] 2021-02-02 07:51:20,525: process[as-2]: started with pid [1162]
[roslaunch][INFO] 2021-02-02 07:51:20,525: ... successfully launched [as-2]
[roslaunch][INFO] 2021-02-02 07:51:20,526: ... launch_nodes complete
[roslaunch.pmon][INFO] 2021-02-02 07:51:20,526: registrations completed <ProcessMonitor(ProcessMonitor-1, started daemon 140544660444928)>
[roslaunch.parent][INFO] 2021-02-02 07:51:20,526: ... roslaunch parent running, waiting for process exit
[roslaunch][INFO] 2021-02-02 07:51:20,526: spin
[roslaunch.pmon][INFO] 2021-02-02 07:52:24,232: ProcessMonitor.shutdown <ProcessMonitor(ProcessMonitor-1, started daemon 140544660444928)>
[roslaunch.pmon][INFO] 2021-02-02 07:52:24,271: ProcessMonitor._post_run <ProcessMonitor(ProcessMonitor-1, started daemon 140544660444928)>
[roslaunch.pmon][INFO] 2021-02-02 07:52:24,271: ProcessMonitor._post_run <ProcessMonitor(ProcessMonitor-1, started daemon 140544660444928)>: remaining procs are [<roslaunch.nodeprocess.LocalProcess object at 0x7fd31ab1d8d0>, <roslaunch.nodeprocess.LocalProcess object at 0x7fd31ab1d990>, <roslaunch.nodeprocess.LocalProcess object at 0x7fd31ab1dfd0>]
[roslaunch.pmon][INFO] 2021-02-02 07:52:24,272: ProcessMonitor exit: killing as-2
[roslaunch][INFO] 2021-02-02 07:52:24,273: [as-2] killing on exit
[roslaunch][INFO] 2021-02-02 07:52:24,274: process[as-2]: killing os process with pid[1162] pgid[1162]
[roslaunch][INFO] 2021-02-02 07:52:24,275: [as-2] sending SIGINT to pgid [1162]
[roslaunch][INFO] 2021-02-02 07:52:24,275: [as-2] sent SIGINT to pgid [1162]
[roslaunch][INFO] 2021-02-02 07:52:24,979: process[as-2]: SIGINT killed with return value 0
[roslaunch.pmon][INFO] 2021-02-02 07:52:24,979: ProcessMonitor exit: killing rosout-1
[roslaunch][INFO] 2021-02-02 07:52:24,979: [rosout-1] killing on exit
[roslaunch][INFO] 2021-02-02 07:52:24,979: process[rosout-1]: killing os process with pid[1158] pgid[1158]
[roslaunch][INFO] 2021-02-02 07:52:24,980: [rosout-1] sending SIGINT to pgid [1158]
[roslaunch][INFO] 2021-02-02 07:52:24,980: [rosout-1] sent SIGINT to pgid [1158]
[roslaunch][INFO] 2021-02-02 07:52:25,080: process[rosout-1]: SIGINT killed with return value 0
[roslaunch.pmon][INFO] 2021-02-02 07:52:25,080: ProcessMonitor exit: killing master
[roslaunch][INFO] 2021-02-02 07:52:25,080: [master] killing on exit
[roslaunch][INFO] 2021-02-02 07:52:25,080: process[master]: killing os process with pid[1145] pgid[1145]
[roslaunch][INFO] 2021-02-02 07:52:25,081: [master] sending SIGINT to pgid [1145]
[roslaunch][INFO] 2021-02-02 07:52:25,081: [master] sent SIGINT to pgid [1145]
[roslaunch][INFO] 2021-02-02 07:52:25,282: process[master]: SIGINT killed with return value 0
[roslaunch.pmon][INFO] 2021-02-02 07:52:25,282: ProcessMonitor exit: cleaning up data structures and signals
[roslaunch.pmon][INFO] 2021-02-02 07:52:25,282: ProcessMonitor exit: pmon has shutdown
[roslaunch][INFO] 2021-02-02 07:52:25,301: process monitor is done spinning, initiating full shutdown
[roslaunch][INFO] 2021-02-02 07:52:25,301: runner.stop()
[roslaunch][INFO] 2021-02-02 07:52:25,301: shutting down processing monitor...
[roslaunch][INFO] 2021-02-02 07:52:25,302: shutting down processing monitor <ProcessMonitor(ProcessMonitor-1, stopped daemon 140544660444928)>
[roslaunch.pmon][INFO] 2021-02-02 07:52:25,302: ProcessMonitor.shutdown <ProcessMonitor(ProcessMonitor-1, stopped daemon 140544660444928)>
[roslaunch][INFO] 2021-02-02 07:52:25,302: ... shutting down processing monitor complete
[roslaunch][INFO] 2021-02-02 07:52:25,303: done
[roslaunch.pmon][INFO] 2021-02-02 07:52:25,303: ProcessMonitor.shutdown <ProcessMonitor(ProcessMonitor-1, stopped daemon 140544660444928)>
[rospy.core][INFO] 2021-02-02 07:52:25,304: signal_shutdown [atexit]
